-------------------------------------------------------------------------------
Test set: ru.yandex.scooter.api.CourierTest
-------------------------------------------------------------------------------
Tests run: 8, Failures: 2, Errors: 0, Skipped: 0, Time elapsed: 66.968 s <<< FAILURE! - in ru.yandex.scooter.api.CourierTest
failToCreateCourierWithoutFirstName(ru.yandex.scooter.api.CourierTest)  Time elapsed: 0.226 s  <<< FAILURE!
java.lang.AssertionError: 
1 expectation failed.
Expected status code <400> but was <201>.

	at ru.yandex.scooter.api.CourierTest.failToCreateCourierWithoutFirstName(CourierTest.java:90)

failToLoginCourierWithoutPassword(ru.yandex.scooter.api.CourierTest)  Time elapsed: 60.511 s  <<< FAILURE!
java.lang.AssertionError: 
1 expectation failed.
Expected status code <400> but was <504>.

	at ru.yandex.scooter.api.CourierTest.failToLoginCourierWithoutPassword(CourierTest.java:125)

