-------------------------------------------------------------------------------
Test set: ru.yandex.scooter.api.CourierTest
-------------------------------------------------------------------------------
Tests run: 8, Failures: 2, Errors: 0, Skipped: 0, Time elapsed: 68.141 s <<< FAILURE! - in ru.yandex.scooter.api.CourierTest
failToCreateCourierWithoutFirstName(ru.yandex.scooter.api.CourierTest)  Time elapsed: 0.282 s  <<< FAILURE!
java.lang.AssertionError: 
1 expectation failed.
Expected status code <400> but was <201>.

	at ru.yandex.scooter.api.CourierTest.failToCreateCourierWithoutFirstName(CourierTest.java:108)

failToLoginCourierWithoutPassword(ru.yandex.scooter.api.CourierTest)  Time elapsed: 60.607 s  <<< FAILURE!
java.lang.AssertionError: 
1 expectation failed.
Expected status code <400> but was <504>.

	at ru.yandex.scooter.api.CourierTest.failToLoginCourierWithoutPassword(CourierTest.java:143)

