<?xml version="1.0" encoding="UTF-8"?>
<testsuite xmlns:xsi="http://www.w3.org/2001/XMLSchema-instance" xsi:noNamespaceSchemaLocation="https://maven.apache.org/surefire/maven-surefire-plugin/xsd/surefire-test-report.xsd" name="ru.yandex.scooter.api.CourierTest" time="68.141" tests="8" errors="0" skipped="0" failures="2">
  <properties>
[...]
</properties>
  <testcase name="checkCourierCreationAndLogin" classname="ru.yandex.scooter.api.CourierTest" time="4.799"/>
  <testcase name="failToLoginCourierWithNonExistingData" classname="ru.yandex.scooter.api.CourierTest" time="0.363"/>
  <testcase name="failToCreateCourierWithoutPassword" classname="ru.yandex.scooter.api.CourierTest" time="0.293"/>
  <testcase name="failToLoginCourierWithoutLogin" classname="ru.yandex.scooter.api.CourierTest" time="0.547"/>
  <testcase name="failToCreateCourierWithoutFirstName" classname="ru.yandex.scooter.api.CourierTest" time="0.282">
    <failure message="1 expectation failed.&#10;Expected status code &lt;400&gt; but was &lt;201&gt;.&#10;" type="java.lang.AssertionError"><![CDATA[java.lang.AssertionError: 
1 expectation failed.
Expected status code <400> but was <201>.

	at ru.yandex.scooter.api.CourierTest.failToCreateCourierWithoutFirstName(CourierTest.java:108)
]]></failure>
    <system-out><![CDATA[Request method:	POST
Request URI:	https://qa-scooter.praktikum-services.ru/api/v1/courier
Proxy:			<none>
Request params:	<none>
Query params:	<none>
Form params:	<none>
Path params:	<none>
Headers:		Accept=*/*
				Content-Type=application/json
Cookies:		<none>
Multiparts:		<none>
Body:
{
    "login": "TzMdU2su2m",
    "password": "q5CfXAEjeP"
}
HTTP/1.1 201 Created
Access-Control-Allow-Origin: *
Content-Length: 11
Content-Type: application/json; charset=utf-8
Date: Tue, 26 Jul 2022 18:58:42 GMT
ETag: W/"b-Ai2R8hgEarLmHKwesT1qcY913ys"
Set-Cookie: _yasc=DmY98wqEARD0ggWgiuXJVPgM1nrhT2xyAmX+AzW43m1lwg==; domain=.praktikum-services.ru; path=/; expires=Thu, 25-Aug-2022 18:58:42 GMT; secure
X-Powered-By: Express
X-Request-Id: 1658861922499018-6160775248217051740

{
    "ok": true
}
Request method:	DELETE
Request URI:	https://qa-scooter.praktikum-services.ru/api/v1/courier/0
Proxy:			<none>
Request params:	<none>
Query params:	<none>
Form params:	<none>
Path params:	<none>
Headers:		Accept=*/*
				Content-Type=application/json
Cookies:		<none>
Multiparts:		<none>
Body:			<none>
HTTP/1.1 404 Not Found
Access-Control-Allow-Origin: *
Content-Length: 64
Content-Type: application/json; charset=utf-8
Date: Tue, 26 Jul 2022 18:58:42 GMT
ETag: W/"40-tLkp/o3TzLGA5pEmOZ4MEpfo3Lo"
Set-Cookie: _yasc=AMAR2Z4yFMfkmd3BiAFsSgYshGxtU4FevJhz7ia81pWddg==; domain=.praktikum-services.ru; path=/; expires=Thu, 25-Aug-2022 18:58:42 GMT; secure
X-Powered-By: Express
X-Request-Id: 1658861922638275-14066265420929508191

{
    "code": 404,
    "message": "Курьера с таким id нет."
}
]]></system-out>
  </testcase>
  <testcase name="failToLoginCourierWithoutPassword" classname="ru.yandex.scooter.api.CourierTest" time="60.607">
    <failure message="1 expectation failed.&#10;Expected status code &lt;400&gt; but was &lt;504&gt;.&#10;" type="java.lang.AssertionError"><![CDATA[java.lang.AssertionError: 
1 expectation failed.
Expected status code <400> but was <504>.

	at ru.yandex.scooter.api.CourierTest.failToLoginCourierWithoutPassword(CourierTest.java:143)
]]></failure>
    <system-out><![CDATA[Request method:	POST
Request URI:	https://qa-scooter.praktikum-services.ru/api/v1/courier
Proxy:			<none>
Request params:	<none>
Query params:	<none>
Form params:	<none>
Path params:	<none>
Headers:		Accept=*/*
				Content-Type=application/json
Cookies:		<none>
Multiparts:		<none>
Body:
{
    "login": "ocrPcrphum",
    "password": "dbdkDu3yeO",
    "firstName": "oPLFAbbcue"
}
HTTP/1.1 201 Created
Access-Control-Allow-Origin: *
Content-Length: 11
Content-Type: application/json; charset=utf-8
Date: Tue, 26 Jul 2022 18:58:42 GMT
ETag: W/"b-Ai2R8hgEarLmHKwesT1qcY913ys"
Set-Cookie: _yasc=vs6zzFinudu00qLyrvTHyx8v/Sm5WATlG5PxzG5DA9wxpA==; domain=.praktikum-services.ru; path=/; expires=Thu, 25-Aug-2022 18:58:42 GMT; secure
X-Powered-By: Express
X-Request-Id: 1658861922793162-333148396020290595

{
    "ok": true
}
Request method:	POST
Request URI:	https://qa-scooter.praktikum-services.ru/api/v1/courier/login
Proxy:			<none>
Request params:	<none>
Query params:	<none>
Form params:	<none>
Path params:	<none>
Headers:		Accept=*/*
				Content-Type=application/json
Cookies:		<none>
Multiparts:		<none>
Body:
{
    "login": "ocrPcrphum",
    "password": "dbdkDu3yeO"
}
HTTP/1.1 200 OK
Access-Control-Allow-Origin: *
Content-Length: 12
Content-Type: application/json; charset=utf-8
Date: Tue, 26 Jul 2022 18:58:43 GMT
ETag: W/"c-s9FoN2bmlSXhlEX8ttacTGdFN4A"
Set-Cookie: _yasc=vKl+B/ZVRaOXM4gNLUD7crIeUHQnwtynWYVe6JUxYZUaDw==; domain=.praktikum-services.ru; path=/; expires=Thu, 25-Aug-2022 18:58:42 GMT; secure
X-Powered-By: Express
X-Request-Id: 1658861922959547-7178188500559202826

{
    "id": 97292
}
Request method:	POST
Request URI:	https://qa-scooter.praktikum-services.ru/api/v1/courier/login
Proxy:			<none>
Request params:	<none>
Query params:	<none>
Form params:	<none>
Path params:	<none>
Headers:		Accept=*/*
				Content-Type=application/json
Cookies:		<none>
Multiparts:		<none>
Body:
{
    "login": "ocrPcrphum"
}
HTTP/1.1 504 Gateway time out
Content-Length: 19
Set-Cookie: _yasc=8afx04HdkuAdkyXhEV9e4EhuNinf6OCenOdQEa1tbVij0A==; domain=.praktikum-services.ru; path=/; expires=Thu, 25-Aug-2022 18:58:43 GMT; secure
X-Request-Id: 1658861923131459-12847552628006780449

Service unavailable
Request method:	DELETE
Request URI:	https://qa-scooter.praktikum-services.ru/api/v1/courier/97292
Proxy:			<none>
Request params:	<none>
Query params:	<none>
Form params:	<none>
Path params:	<none>
Headers:		Accept=*/*
				Content-Type=application/json
Cookies:		<none>
Multiparts:		<none>
Body:			<none>
HTTP/1.1 200 OK
Access-Control-Allow-Origin: *
Content-Length: 11
Content-Type: application/json; charset=utf-8
Date: Tue, 26 Jul 2022 18:59:43 GMT
ETag: W/"b-Ai2R8hgEarLmHKwesT1qcY913ys"
Set-Cookie: _yasc=+mpF+9LdK2x8KNECcnWuOPug09VmHxI2fuK0pitO5V4Vtg==; domain=.praktikum-services.ru; path=/; expires=Thu, 25-Aug-2022 18:59:43 GMT; secure
X-Powered-By: Express
X-Request-Id: 1658861983244628-1504143843175910812

{
    "ok": true
}
]]></system-out>
  </testcase>
  <testcase name="failToCreateCourierWithoutLogin" classname="ru.yandex.scooter.api.CourierTest" time="0.279"/>
  <testcase name="failToCreateCourierWithExistingData" classname="ru.yandex.scooter.api.CourierTest" time="0.648"/>
</testsuite>