<?xml version="1.0" encoding="UTF-8"?>
<testsuite xmlns:xsi="http://www.w3.org/2001/XMLSchema-instance" xsi:noNamespaceSchemaLocation="https://maven.apache.org/surefire/maven-surefire-plugin/xsd/surefire-test-report.xsd" name="ru.yandex.scooter.api.CourierTest" time="66.968" tests="8" errors="0" skipped="0" failures="2">
  <properties>
[...]
</properties>
  <testcase name="checkCourierCreationAndLogin" classname="ru.yandex.scooter.api.CourierTest" time="4.074"/>
  <testcase name="failToLoginCourierWithNonExistingData" classname="ru.yandex.scooter.api.CourierTest" time="0.24"/>
  <testcase name="failToCreateCourierWithoutPassword" classname="ru.yandex.scooter.api.CourierTest" time="0.231"/>
  <testcase name="failToLoginCourierWithoutLogin" classname="ru.yandex.scooter.api.CourierTest" time="0.605"/>
  <testcase name="failToCreateCourierWithoutFirstName" classname="ru.yandex.scooter.api.CourierTest" time="0.226">
    <failure message="1 expectation failed.&#10;Expected status code &lt;400&gt; but was &lt;201&gt;.&#10;" type="java.lang.AssertionError"><![CDATA[java.lang.AssertionError: 
1 expectation failed.
Expected status code <400> but was <201>.

	at ru.yandex.scooter.api.CourierTest.failToCreateCourierWithoutFirstName(CourierTest.java:90)
]]></failure>
    <system-out><![CDATA[Request method:	POST
Request URI:	https://qa-scooter.praktikum-services.ru/api/v1/courier
Proxy:			<none>
Request params:	<none>
Query params:	<none>
Form params:	<none>
Path params:	<none>
Headers:		Accept=*/*
				Content-Type=application/json
Cookies:		<none>
Multiparts:		<none>
Body:
{
    "login": "LZbVa8xA1Z",
    "password": "LEno3GQ8Qf"
}
HTTP/1.1 201 Created
Access-Control-Allow-Origin: *
Content-Length: 11
Content-Type: application/json; charset=utf-8
Date: Sun, 24 Jul 2022 15:56:31 GMT
ETag: W/"b-Ai2R8hgEarLmHKwesT1qcY913ys"
Set-Cookie: _yasc=NV3RbbzfWn1G2jj8WYTWUSMxPogb1ExV9tKb3rMTxaUcfw==; domain=.praktikum-services.ru; path=/; expires=Tue, 23-Aug-2022 15:56:30 GMT; secure
X-Powered-By: Express
X-Request-Id: 1658678190965892-12792515802685126428

{
    "ok": true
}
Request method:	DELETE
Request URI:	https://qa-scooter.praktikum-services.ru/api/v1/courier/0
Proxy:			<none>
Request params:	<none>
Query params:	<none>
Form params:	<none>
Path params:	<none>
Headers:		Accept=*/*
				Content-Type=application/json
Cookies:		<none>
Multiparts:		<none>
Body:			<none>
HTTP/1.1 404 Not Found
Access-Control-Allow-Origin: *
Content-Length: 64
Content-Type: application/json; charset=utf-8
Date: Sun, 24 Jul 2022 15:56:31 GMT
ETag: W/"40-tLkp/o3TzLGA5pEmOZ4MEpfo3Lo"
Set-Cookie: _yasc=ZsNaZffRUQWd/l3pE0k3y6ITpfnFTon5PwEM5os+97zapg==; domain=.praktikum-services.ru; path=/; expires=Tue, 23-Aug-2022 15:56:31 GMT; secure
X-Powered-By: Express
X-Request-Id: 1658678191090250-9784967453064148080

{
    "code": 404,
    "message": "Курьера с таким id нет."
}
]]></system-out>
  </testcase>
  <testcase name="failToLoginCourierWithoutPassword" classname="ru.yandex.scooter.api.CourierTest" time="60.511">
    <failure message="1 expectation failed.&#10;Expected status code &lt;400&gt; but was &lt;504&gt;.&#10;" type="java.lang.AssertionError"><![CDATA[java.lang.AssertionError: 
1 expectation failed.
Expected status code <400> but was <504>.

	at ru.yandex.scooter.api.CourierTest.failToLoginCourierWithoutPassword(CourierTest.java:125)
]]></failure>
    <system-out><![CDATA[Request method:	POST
Request URI:	https://qa-scooter.praktikum-services.ru/api/v1/courier
Proxy:			<none>
Request params:	<none>
Query params:	<none>
Form params:	<none>
Path params:	<none>
Headers:		Accept=*/*
				Content-Type=application/json
Cookies:		<none>
Multiparts:		<none>
Body:
{
    "login": "tha5iRjHSv",
    "password": "zNypB6RO5g",
    "firstName": "qmoRZCCWFl"
}
HTTP/1.1 201 Created
Access-Control-Allow-Origin: *
Content-Length: 11
Content-Type: application/json; charset=utf-8
Date: Sun, 24 Jul 2022 15:56:31 GMT
ETag: W/"b-Ai2R8hgEarLmHKwesT1qcY913ys"
Set-Cookie: _yasc=9CmPn5HpcJ/Au6PivtRsdXW89ORutEjhyS/0Jx2cVG65hw==; domain=.praktikum-services.ru; path=/; expires=Tue, 23-Aug-2022 15:56:31 GMT; secure
X-Powered-By: Express
X-Request-Id: 1658678191223104-16685806466237377604

{
    "ok": true
}
Request method:	POST
Request URI:	https://qa-scooter.praktikum-services.ru/api/v1/courier/login
Proxy:			<none>
Request params:	<none>
Query params:	<none>
Form params:	<none>
Path params:	<none>
Headers:		Accept=*/*
				Content-Type=application/json
Cookies:		<none>
Multiparts:		<none>
Body:
{
    "login": "tha5iRjHSv",
    "password": "zNypB6RO5g"
}
HTTP/1.1 200 OK
Access-Control-Allow-Origin: *
Content-Length: 12
Content-Type: application/json; charset=utf-8
Date: Sun, 24 Jul 2022 15:56:31 GMT
ETag: W/"c-KIeMU6oVM2xXK+JdfUt00YH8r/M"
Set-Cookie: _yasc=lvFCdUoagvFLAybwOtheqeocyLjGa2CLbYf/ugCEPhl3DA==; domain=.praktikum-services.ru; path=/; expires=Tue, 23-Aug-2022 15:56:31 GMT; secure
X-Powered-By: Express
X-Request-Id: 1658678191366599-16680211698909702586

{
    "id": 96779
}
Request method:	POST
Request URI:	https://qa-scooter.praktikum-services.ru/api/v1/courier/login
Proxy:			<none>
Request params:	<none>
Query params:	<none>
Form params:	<none>
Path params:	<none>
Headers:		Accept=*/*
				Content-Type=application/json
Cookies:		<none>
Multiparts:		<none>
Body:
{
    "login": "tha5iRjHSv"
}
HTTP/1.1 504 Gateway time out
Content-Length: 19
Set-Cookie: _yasc=sqmEUwgAb41j6+58n4MGUl3KIgS0rBHEVqBmMAIA53ALqQ==; domain=.praktikum-services.ru; path=/; expires=Tue, 23-Aug-2022 15:56:31 GMT; secure
X-Request-Id: 1658678191486919-1976322851422459767

Service unavailable
Request method:	DELETE
Request URI:	https://qa-scooter.praktikum-services.ru/api/v1/courier/96779
Proxy:			<none>
Request params:	<none>
Query params:	<none>
Form params:	<none>
Path params:	<none>
Headers:		Accept=*/*
				Content-Type=application/json
Cookies:		<none>
Multiparts:		<none>
Body:			<none>
HTTP/1.1 200 OK
Access-Control-Allow-Origin: *
Content-Length: 11
Content-Type: application/json; charset=utf-8
Date: Sun, 24 Jul 2022 15:57:31 GMT
ETag: W/"b-Ai2R8hgEarLmHKwesT1qcY913ys"
Set-Cookie: _yasc=xnFmGoVbmMsgBOF4Co0HLylMkR8uojYNEKfico3cTqjBsA==; domain=.praktikum-services.ru; path=/; expires=Tue, 23-Aug-2022 15:57:31 GMT; secure
X-Powered-By: Express
X-Request-Id: 1658678251596055-8141300107442007757

{
    "ok": true
}
]]></system-out>
  </testcase>
  <testcase name="failToCreateCourierWithoutLogin" classname="ru.yandex.scooter.api.CourierTest" time="0.432"/>
  <testcase name="failToCreateCourierWithExistingData" classname="ru.yandex.scooter.api.CourierTest" time="0.452"/>
</testsuite>